Change Component Designator: OldDesignator=Analog  NewDesignator=Analog
Change Component Designator: OldDesignator=MISO  NewDesignator=MISO
Change Component Designator: OldDesignator=U? NewDesignator=U1
Added Component: Designator=Power(JP2-CLOSED)
Add component (AddParameter): Name = "ComponentLink1 Description"; Value = "Manufacturer"; VariantName = "[No Variations]"
Add component (AddParameter): Name = "ComponentLink1URL"; Value = "http://www.we-online.com"; VariantName = "[No Variations]"
Add component (AddParameter): Name = "ComponentLink2 Description"; Value = "Datasheet"; VariantName = "[No Variations]"
Add component (AddParameter): Name = "ComponentLink2URL"; Value = "http://katalog.we-online.de/em/datasheet/6130xx143121.pdf"; VariantName = "[No Variations]"
Add component (AddParameter): Name = "Created by"; Value = "Karrer Zheng"; VariantName = "[No Variations]"
Add component (AddParameter): Name = "Created Date"; Value = "29 March 2013"; VariantName = "[No Variations]"
Add component (AddParameter): Name = "Manufacturer"; Value = "W¨¹rth Elektronik eiSos GmbH"; VariantName = "[No Variations]"
Add component (AddParameter): Name = "NoPins"; Value = "02"; VariantName = "[No Variations]"
Add component (AddParameter): Name = "partNo"; Value = "613002143121"; VariantName = "[No Variations]"
Added Component: Designator=R9(RES-SMD-0603_BIG)
Added Pin To Net: NetName=+5 Pin=Power-2
Added Pin To Net: NetName=VCC Pin=R9-2
Change Net Name : Old Net Name=NetAnalog _1 New Net Name=NetAnalog_1
Change Net Name : Old Net Name=NetAnalog _2 New Net Name=NetAnalog_2
Change Net Name : Old Net Name=NetAnalog _3 New Net Name=NetAnalog_3
Change Net Name : Old Net Name=NetAnalog _4 New Net Name=NetAnalog_4
Change Net Name : Old Net Name=NetU?_31 New Net Name=NetU1_31
Change Net Name : Old Net Name=NetU?_32 New Net Name=NetU1_32
Change Net Name : Old Net Name=NetU?_39 New Net Name=NetU1_39
Change Net Name : Old Net Name=NetU?_41 New Net Name=NetU1_41
Change Net Name : Old Net Name=NetU?_48 New Net Name=NetU1_48
Added Pin To Net: NetName=NetPower_1 Pin=Power-1
Added Pin To Net: NetName=NetPower_1 Pin=R9-1
Added Net: Name=NetPower_1
Added Member To Class: ClassName=Main Member=Component Analog JP4
Added Member To Class: ClassName=Main Member=Component MISO JP1
Added Member To Class: ClassName=Interfaces Member=Component Power JP2
Added Member To Class: ClassName=Interfaces Member=Component R9 R
