Removed Pin From Net: NetName=NetC34_2 Pin=J2-1
Removed Pin From Net: NetName=NetC36_2 Pin=J2-2
Removed Pin From Net: NetName=NetC37_2 Pin=J2-3
Removed Pin From Net: NetName=NetC38_2 Pin=J2-4
Removed Member From Class: ClassName=Designator Member=*2
Removed Member From Class: ClassName=Main Member=C7
Removed Member From Class: ClassName=Main Member=C9
Removed Member From Class: ClassName=Main Member=C11
Removed Member From Class: ClassName=Main Member=C13
Removed Member From Class: ClassName=Main Member=C15
Removed Member From Class: ClassName=Designator Member=C19
Removed Member From Class: ClassName=Designator Member=C20
Removed Member From Class: ClassName=Designator Member=C21
Removed Member From Class: ClassName=Designator Member=C22
Removed Member From Class: ClassName=Designator Member=C23
Removed Member From Class: ClassName=Designator Member=C24
Removed Member From Class: ClassName=Designator Member=C25
Removed Member From Class: ClassName=Designator Member=C26
Removed Member From Class: ClassName=Designator Member=D2
Removed Member From Class: ClassName=Designator Member=D3
Removed Member From Class: ClassName=Designator Member=D4
Removed Member From Class: ClassName=Designator Member=L1
Removed Member From Class: ClassName=Designator Member=Q1
Removed Member From Class: ClassName=ArduinoZero Member=R14
Removed Member From Class: ClassName=Main Member=R14
Removed Member From Class: ClassName=ArduinoZero Member=R15
Removed Member From Class: ClassName=Main Member=R15
Removed Member From Class: ClassName=Designator Member=R16
Removed Member From Class: ClassName=Designator Member=R17
Removed Member From Class: ClassName=Designator Member=R18
Removed Member From Class: ClassName=Designator Member=R19
Removed Member From Class: ClassName=Designator Member=R20
Removed Member From Class: ClassName=Designator Member=U2
Added Pin To Net: NetName=NetC38_2 Pin=J2-1
Added Pin To Net: NetName=NetC37_2 Pin=J2-2
Added Pin To Net: NetName=NetC36_2 Pin=J2-3
Added Pin To Net: NetName=NetC34_2 Pin=J2-4
Added Member To Class: ClassName=Main Member=Component C1 JP4
Added Member To Class: ClassName=Main Member=Component C2 CN
Added Member To Class: ClassName=Main Member=Component C3 JP1
Added Member To Class: ClassName=Main Member=Component C4 JP4
Added Member To Class: ClassName=Main Member=Component C5 JP1
Added Member To Class: ClassName=Main Member=Component C6 JP4
Added Member To Class: ClassName=ArduinoZero Member=Component C8 4.7uF
Added Member To Class: ClassName=ArduinoZero Member=Component C10 0.1uF
Added Member To Class: ClassName=ArduinoZero Member=Component C12 JP4
Added Member To Class: ClassName=Main Member=Component R4 1K
Added Member To Class: ClassName=Main Member=Component R5 1K
Added Member To Class: ClassName=ArduinoZero Member=Component R6 10K
Added Member To Class: ClassName=ArduinoZero Member=Component R7 5.1K
Added Member To Class: ClassName=ArduinoZero Member=Component R8 10K
Added Member To Class: ClassName=ArduinoZero Member=Component R9 R
Added Member To Class: ClassName=Interfaces Member=Component R10 R
Added Member To Class: ClassName=Interfaces Member=Component R11 R
Added Member To Class: ClassName=Interfaces Member=Component R12 R
Added Member To Class: ClassName=Interfaces Member=Component R13 R
Added Room: Name=Designator
