Removed Pin From Net: NetName=5V_USB Pin=USB1-1
Removed Pin From Net: NetName=D- Pin=USB1-2
Removed Pin From Net: NetName=D+ Pin=USB1-3
Removed Pin From Net: NetName=GND Pin=USB1-5
Removed Pin From Net: NetName=GND Pin=USB1-5
Removed Pin From Net: NetName=GND Pin=USB1-5
Removed Member From Class: ClassName=ArduinoZero Member=R9
Removed Member From Class: ClassName=ArduinoZero Member=USB1
Change Component Designator: OldDesignator=AS? NewDesignator=AS1
Change Component Designator: OldDesignator=Hole? NewDesignator=Hole6
Change Component Designator: OldDesignator=J? NewDesignator=J4
Added Pin To Net: NetName=5V_USB Pin=J4-1
Added Pin To Net: NetName=D- Pin=J4-2
Added Pin To Net: NetName=D+ Pin=J4-3
Added Pin To Net: NetName=GND Pin=J4-4
Added Pin To Net: NetName=GND Pin=J4-4
Added Pin To Net: NetName=GND Pin=J4-4
Change Net Name : Old Net Name=NetAS?_2 New Net Name=NetAS1_2
Change Net Name : Old Net Name=NetAS?_3 New Net Name=NetAS1_3
Change Net Name : Old Net Name=NetAS?_4 New Net Name=NetAS1_4
