Change Component Designator: Old Designator=* New Designator=*1
Change Component Designator: Old Designator=* New Designator=*2
Change Component Designator: Old Designator=C? New Designator=C19
Change Component Designator: Old Designator=C? New Designator=C20
Change Component Designator: Old Designator=C? New Designator=C21
Change Component Designator: Old Designator=C? New Designator=C22
Change Component Designator: Old Designator=C? New Designator=C23
Change Component Designator: Old Designator=C? New Designator=C24
Change Component Designator: Old Designator=C? New Designator=C25
Change Component Designator: Old Designator=C? New Designator=C26
Change Component Designator: Old Designator=D? New Designator=D2
Change Component Designator: Old Designator=D? New Designator=D3
Change Component Designator: Old Designator=D? New Designator=D4
Change Component Designator: Old Designator=L? New Designator=L1
Change Component Designator: Old Designator=Q? New Designator=Q1
Change Component Designator: Old Designator=R? New Designator=R16
Change Component Designator: Old Designator=R? New Designator=R17
Change Component Designator: Old Designator=R? New Designator=R18
Change Component Designator: Old Designator=R? New Designator=R19
Change Component Designator: Old Designator=R? New Designator=R20
Change Component Designator: Old Designator=U? New Designator=U2
